  [1m[36m (1.2ms)[0m  [1mCREATE TABLE "schema_migrations" ("version" varchar NOT NULL) [0m
  [1m[35m (0.0ms)[0m  select sqlite_version(*)
  [1m[36m (1.0ms)[0m  [1mCREATE UNIQUE INDEX "unique_schema_migrations" ON "schema_migrations" ("version")[0m
  [1m[35mActiveRecord::SchemaMigration Load (0.1ms)[0m  SELECT "schema_migrations".* FROM "schema_migrations"
  [1m[36mActiveRecord::SchemaMigration Load (0.1ms)[0m  [1mSELECT "schema_migrations".* FROM "schema_migrations"[0m
Migrating to CreatePosts (20151230232412)
  [1m[35m (0.1ms)[0m  begin transaction
  [1m[36m (0.4ms)[0m  [1mCREATE TABLE "posts" ("id" INTEGER PRIMARY KEY AUTOINCREMENT NOT NULL, "title" varchar, "description" text, "created_at" datetime NOT NULL, "updated_at" datetime NOT NULL) [0m
  [1m[35mSQL (0.2ms)[0m  INSERT INTO "schema_migrations" ("version") VALUES (?)  [["version", "20151230232412"]]
  [1m[36m (1.3ms)[0m  [1mcommit transaction[0m
  [1m[35mActiveRecord::SchemaMigration Load (0.1ms)[0m  SELECT "schema_migrations".* FROM "schema_migrations"


Started GET "/posts/new" for ::1 at 2015-12-30 20:30:31 -0600
  [1m[36mActiveRecord::SchemaMigration Load (0.1ms)[0m  [1mSELECT "schema_migrations".* FROM "schema_migrations"[0m
Processing by PostsController#new as HTML
  Rendered posts/new.html.erb within layouts/application (2.7ms)
Completed 200 OK in 393ms (Views: 383.8ms | ActiveRecord: 0.0ms)


Started POST "/posts" for ::1 at 2015-12-30 20:30:37 -0600
Processing by PostsController#create as HTML
  Parameters: {"utf8"=>"✓", "authenticity_token"=>"Hjp1RiR9ya6iFqkxVbwpk4S8rTowSYfUHBxQZzKCrcwuqlFxP2gFlrxGWRZYDnx9U/sdURHTMwpX6/wSjx76KQ==", "title"=>"Rails Introduction Quiz", "description"=>"asdfasd", "commit"=>"Submit Post"}
Redirected to http://localhost:3000/posts/new
Completed 302 Found in 1ms (ActiveRecord: 0.0ms)


Started GET "/posts/new" for ::1 at 2015-12-30 20:30:37 -0600
Processing by PostsController#new as HTML
  Rendered posts/new.html.erb within layouts/application (0.4ms)
Completed 200 OK in 10ms (Views: 9.0ms | ActiveRecord: 0.0ms)


Started GET "/posts/new?someting=asdafdas" for ::1 at 2015-12-30 20:33:34 -0600
Processing by PostsController#new as HTML
  Parameters: {"someting"=>"asdafdas"}
  Rendered posts/new.html.erb within layouts/application (0.3ms)
Completed 200 OK in 9ms (Views: 8.1ms | ActiveRecord: 0.0ms)


Started GET "/posts/new?someting=asdafdas" for ::1 at 2015-12-30 20:40:29 -0600
Processing by PostsController#new as HTML
  Parameters: {"someting"=>"asdafdas"}
  Rendered posts/new.html.erb within layouts/application (0.4ms)
Completed 200 OK in 10ms (Views: 9.6ms | ActiveRecord: 0.0ms)


Started GET "/assets/application.self-e80e8f2318043e8af94dddc2adad5a4f09739a8ebb323b3ab31cd71d45fd9113.css?body=1" for ::1 at 2015-12-30 20:40:29 -0600


Started GET "/assets/jquery_ujs.self-d456baa54c1fa6be2ec3711f0a72ddf7a5b2f34a6b4f515f33767d6207b7d4b3.js?body=1" for ::1 at 2015-12-30 20:40:29 -0600


Started GET "/assets/jquery.self-a714331225dda820228db323939889f149aec0127aeb06255646b616ba1ca419.js?body=1" for ::1 at 2015-12-30 20:40:29 -0600


Started GET "/assets/application.self-3b8dabdc891efe46b9a144b400ad69e37d7e5876bdc39dee783419a69d7ca819.js?body=1" for ::1 at 2015-12-30 20:40:29 -0600


Started GET "/assets/turbolinks.self-c37727e9bd6b2735da5c311aa83fead54ed0be6cc8bd9a65309e9c5abe2cbfff.js?body=1" for ::1 at 2015-12-30 20:40:29 -0600


Started GET "/posts/new" for ::1 at 2015-12-30 20:40:37 -0600
Processing by PostsController#new as HTML
  Rendered posts/new.html.erb within layouts/application (0.4ms)
Completed 200 OK in 10ms (Views: 9.3ms | ActiveRecord: 0.0ms)


Started POST "/posts" for ::1 at 2015-12-30 20:40:55 -0600
Processing by PostsController#create as HTML
  Parameters: {"utf8"=>"✓", "authenticity_token"=>"8wEmAU4QXBwNFcOKOvFNuQeQp8Yq4xHFehAkMFbvryDDkQI2VQWQJBNFM603QxhX0NcXrQt5pRsx54hF63P4xQ==", "title"=>"Rails Introduction Quiz", "description"=>"asdfasdfasd", "commit"=>"Submit Post"}
Redirected to http://localhost:3000/posts/new
Completed 302 Found in 1ms (ActiveRecord: 0.0ms)


Started GET "/posts/new" for ::1 at 2015-12-30 20:40:55 -0600
Processing by PostsController#new as HTML
  Rendered posts/new.html.erb within layouts/application (0.3ms)
Completed 200 OK in 8ms (Views: 6.9ms | ActiveRecord: 0.0ms)


Started GET "/posts/new" for ::1 at 2015-12-30 20:41:09 -0600
Processing by PostsController#new as HTML
  Rendered posts/new.html.erb within layouts/application (0.4ms)
Completed 200 OK in 10ms (Views: 8.9ms | ActiveRecord: 0.0ms)


Started GET "/assets/application.self-e80e8f2318043e8af94dddc2adad5a4f09739a8ebb323b3ab31cd71d45fd9113.css?body=1" for ::1 at 2015-12-30 20:41:09 -0600


Started GET "/assets/turbolinks.self-c37727e9bd6b2735da5c311aa83fead54ed0be6cc8bd9a65309e9c5abe2cbfff.js?body=1" for ::1 at 2015-12-30 20:41:09 -0600


Started GET "/assets/jquery_ujs.self-d456baa54c1fa6be2ec3711f0a72ddf7a5b2f34a6b4f515f33767d6207b7d4b3.js?body=1" for ::1 at 2015-12-30 20:41:09 -0600


Started GET "/assets/jquery.self-a714331225dda820228db323939889f149aec0127aeb06255646b616ba1ca419.js?body=1" for ::1 at 2015-12-30 20:41:09 -0600


Started GET "/assets/application.self-3b8dabdc891efe46b9a144b400ad69e37d7e5876bdc39dee783419a69d7ca819.js?body=1" for ::1 at 2015-12-30 20:41:09 -0600


Started POST "/posts" for ::1 at 2015-12-30 20:41:12 -0600
Processing by PostsController#create as HTML
  Parameters: {"utf8"=>"✓", "authenticity_token"=>"wM0kUAuTuVVs64yO9C+2FgVExLWEkXYBL4fHjMvdHb/wXQBnEIZ1bXK7fKn5neP40gN03qULwt9kcGv5dkFKWg==", "title"=>"Rails Introduction Quiz", "description"=>"asdf", "commit"=>"Submit Post"}
Redirected to http://localhost:3000/posts/new?post%5Baction%5D=create&post%5Bauthenticity_token%5D=wM0kUAuTuVVs64yO9C%2B2FgVExLWEkXYBL4fHjMvdHb%2FwXQBnEIZ1bXK7fKn5neP40gN03qULwt9kcGv5dkFKWg%3D%3D&post%5Bcommit%5D=Submit+Post&post%5Bcontroller%5D=posts&post%5Bdescription%5D=asdf&post%5Btitle%5D=Rails+Introduction+Quiz&post%5Butf8%5D=%E2%9C%93
Completed 302 Found in 1ms (ActiveRecord: 0.0ms)


Started GET "/posts/new?post%5Baction%5D=create&post%5Bauthenticity_token%5D=wM0kUAuTuVVs64yO9C%2B2FgVExLWEkXYBL4fHjMvdHb%2FwXQBnEIZ1bXK7fKn5neP40gN03qULwt9kcGv5dkFKWg%3D%3D&post%5Bcommit%5D=Submit+Post&post%5Bcontroller%5D=posts&post%5Bdescription%5D=asdf&post%5Btitle%5D=Rails+Introduction+Quiz&post%5Butf8%5D=%E2%9C%93" for ::1 at 2015-12-30 20:41:12 -0600
Processing by PostsController#new as HTML
  Parameters: {"post"=>{"action"=>"create", "authenticity_token"=>"wM0kUAuTuVVs64yO9C+2FgVExLWEkXYBL4fHjMvdHb/wXQBnEIZ1bXK7fKn5neP40gN03qULwt9kcGv5dkFKWg==", "commit"=>"Submit Post", "controller"=>"posts", "description"=>"asdf", "title"=>"Rails Introduction Quiz", "utf8"=>"✓"}}
  Rendered posts/new.html.erb within layouts/application (0.3ms)
Completed 200 OK in 8ms (Views: 7.2ms | ActiveRecord: 0.0ms)
  [1m[36mActiveRecord::SchemaMigration Load (0.1ms)[0m  [1mSELECT "schema_migrations".* FROM "schema_migrations"[0m
  [1m[35mActiveRecord::SchemaMigration Load (0.2ms)[0m  SELECT "schema_migrations".* FROM "schema_migrations"


Started GET "/" for ::1 at 2019-08-26 13:25:36 -0400
  [1m[36mActiveRecord::SchemaMigration Load (0.2ms)[0m  [1mSELECT "schema_migrations".* FROM "schema_migrations"[0m
Processing by Rails::WelcomeController#index as HTML
  Rendered /Users/alexandrodisla/.rvm/gems/ruby-2.6.3/gems/railties-4.2.11.1/lib/rails/templates/rails/welcome/index.html.erb (1.7ms)
Completed 200 OK in 46ms (Views: 12.5ms | ActiveRecord: 0.0ms)


Started GET "/posts" for ::1 at 2019-08-26 13:25:51 -0400
Processing by PostsController#index as HTML
  [1m[35mPost Load (0.2ms)[0m  SELECT "posts".* FROM "posts"
  Rendered posts/index.html.erb within layouts/application (1.9ms)
Completed 200 OK in 569ms (Views: 566.2ms | ActiveRecord: 0.3ms)


Started GET "/posts/new" for ::1 at 2019-08-26 13:40:43 -0400
Processing by PostsController#new as HTML
  Rendered posts/new.html.erb within layouts/application (0.6ms)
Completed 200 OK in 127ms (Views: 125.5ms | ActiveRecord: 0.0ms)


Started GET "/posts/new" for ::1 at 2019-08-26 14:02:51 -0400
Processing by PostsController#new as HTML
  Rendered posts/new.html.erb within layouts/application (0.8ms)
Completed 200 OK in 16ms (Views: 15.1ms | ActiveRecord: 0.0ms)


Started POST "/posts" for ::1 at 2019-08-26 14:03:15 -0400
Processing by PostsController#create as HTML
  Parameters: {"post"=>{"title"=>"Championships", "description"=>"What it takes to be the best"}, "authenticity_token"=>"56xzU2A+Ao+OPTEOCcge26SOK8VyoyaV9pC1Dkga6/savmOPMUO+40Y/EKfDbSmI5WtK6WiPxnX7BLIeZhazIQ=="}
  [1m[36m (0.1ms)[0m  [1mbegin transaction[0m
  [1m[35mSQL (0.6ms)[0m  INSERT INTO "posts" ("title", "description", "created_at", "updated_at") VALUES (?, ?, ?, ?)  [["title", "Championships"], ["description", "What it takes to be the best"], ["created_at", "2019-08-26 18:03:15.922694"], ["updated_at", "2019-08-26 18:03:15.922694"]]
  [1m[36m (1.3ms)[0m  [1mcommit transaction[0m
Redirected to http://localhost:3000/posts
Completed 302 Found in 16ms (ActiveRecord: 2.8ms)


Started GET "/posts" for ::1 at 2019-08-26 14:03:16 -0400
Processing by PostsController#index as HTML
  [1m[35mPost Load (0.2ms)[0m  SELECT "posts".* FROM "posts"
  Rendered posts/index.html.erb within layouts/application (0.9ms)
Completed 200 OK in 15ms (Views: 14.5ms | ActiveRecord: 0.2ms)


Started GET "/posts/1" for ::1 at 2019-08-26 14:03:26 -0400

ActionController::RoutingError (No route matches [GET] "/posts/1"):
  actionpack (4.2.11.1) lib/action_dispatch/middleware/debug_exceptions.rb:21:in `call'
  actionpack (4.2.11.1) lib/action_dispatch/middleware/show_exceptions.rb:30:in `call'
  railties (4.2.11.1) lib/rails/rack/logger.rb:38:in `call_app'
  railties (4.2.11.1) lib/rails/rack/logger.rb:20:in `block in call'
  activesupport (4.2.11.1) lib/active_support/tagged_logging.rb:68:in `block in tagged'
  activesupport (4.2.11.1) lib/active_support/tagged_logging.rb:26:in `tagged'
  activesupport (4.2.11.1) lib/active_support/tagged_logging.rb:68:in `tagged'
  railties (4.2.11.1) lib/rails/rack/logger.rb:20:in `call'
  actionpack (4.2.11.1) lib/action_dispatch/middleware/request_id.rb:21:in `call'
  rack (1.6.11) lib/rack/methodoverride.rb:22:in `call'
  rack (1.6.11) lib/rack/runtime.rb:18:in `call'
  activesupport (4.2.11.1) lib/active_support/cache/strategy/local_cache_middleware.rb:28:in `call'
  rack (1.6.11) lib/rack/lock.rb:17:in `call'
  actionpack (4.2.11.1) lib/action_dispatch/middleware/static.rb:120:in `call'
  rack (1.6.11) lib/rack/sendfile.rb:113:in `call'
  railties (4.2.11.1) lib/rails/engine.rb:518:in `call'
  railties (4.2.11.1) lib/rails/application.rb:165:in `call'
  rack (1.6.11) lib/rack/lock.rb:17:in `call'
  rack (1.6.11) lib/rack/content_length.rb:15:in `call'
  rack (1.6.11) lib/rack/handler/webrick.rb:88:in `service'
  /Users/alexandrodisla/.rvm/rubies/ruby-2.6.3/lib/ruby/2.6.0/webrick/httpserver.rb:140:in `service'
  /Users/alexandrodisla/.rvm/rubies/ruby-2.6.3/lib/ruby/2.6.0/webrick/httpserver.rb:96:in `run'
  /Users/alexandrodisla/.rvm/rubies/ruby-2.6.3/lib/ruby/2.6.0/webrick/server.rb:307:in `block in start_thread'


  Rendered /Users/alexandrodisla/.rvm/gems/ruby-2.6.3/gems/actionpack-4.2.11.1/lib/action_dispatch/middleware/templates/rescues/_trace.html.erb (1.9ms)
  Rendered /Users/alexandrodisla/.rvm/gems/ruby-2.6.3/gems/actionpack-4.2.11.1/lib/action_dispatch/middleware/templates/routes/_route.html.erb (1.0ms)
  Rendered /Users/alexandrodisla/.rvm/gems/ruby-2.6.3/gems/actionpack-4.2.11.1/lib/action_dispatch/middleware/templates/routes/_table.html.erb (42.1ms)
  Rendered /Users/alexandrodisla/.rvm/gems/ruby-2.6.3/gems/actionpack-4.2.11.1/lib/action_dispatch/middleware/templates/rescues/_request_and_response.html.erb (2.2ms)
  Rendered /Users/alexandrodisla/.rvm/gems/ruby-2.6.3/gems/actionpack-4.2.11.1/lib/action_dispatch/middleware/templates/rescues/routing_error.html.erb within rescues/layout (146.4ms)


Started GET "/posts/new" for ::1 at 2019-08-26 14:03:28 -0400
Processing by PostsController#new as HTML
  Rendered posts/new.html.erb within layouts/application (0.4ms)
Completed 200 OK in 13ms (Views: 12.0ms | ActiveRecord: 0.0ms)


Started POST "/posts" for ::1 at 2019-08-26 14:04:27 -0400
Processing by PostsController#create as HTML
  Parameters: {"post"=>{"title"=>"Tom Brady And Bill Belichick", "description"=>"The New England Dynasty"}, "authenticity_token"=>"oNJSR0fjboxKcEuT7XoPfeLoyDObSgF69tooGpY9Hq5dwEKbFp7S4IJyajon3zguow2pH4Fm4Zr7Ti8KuDFGdA=="}
  [1m[36m (0.1ms)[0m  [1mbegin transaction[0m
  [1m[35mSQL (2.4ms)[0m  INSERT INTO "posts" ("title", "description", "created_at", "updated_at") VALUES (?, ?, ?, ?)  [["title", "Tom Brady And Bill Belichick"], ["description", "The New England Dynasty"], ["created_at", "2019-08-26 18:04:27.896971"], ["updated_at", "2019-08-26 18:04:27.896971"]]
  [1m[36m (1.7ms)[0m  [1mcommit transaction[0m
Redirected to http://localhost:3000/posts
Completed 302 Found in 8ms (ActiveRecord: 4.2ms)


Started GET "/posts" for ::1 at 2019-08-26 14:04:27 -0400
Processing by PostsController#index as HTML
  [1m[35mPost Load (0.3ms)[0m  SELECT "posts".* FROM "posts"
  Rendered posts/index.html.erb within layouts/application (1.0ms)
Completed 200 OK in 71ms (Views: 69.7ms | ActiveRecord: 0.3ms)


Started GET "/posts/new" for ::1 at 2019-08-26 14:04:35 -0400
Processing by PostsController#new as HTML
  Rendered posts/new.html.erb within layouts/application (0.5ms)
Completed 200 OK in 16ms (Views: 15.6ms | ActiveRecord: 0.0ms)


Started POST "/posts" for ::1 at 2019-08-26 14:05:46 -0400
Processing by PostsController#create as HTML
  Parameters: {"post"=>{"title"=>"AD0791", "description"=>"The story of a redemption."}, "authenticity_token"=>"d9esufQv13NBHX/iS4cG4kvMshL27FwF6nsx30nyxFyKxbxlpVJrH4kfXkuBIjGxCinTPuzAvOXn7zbPZ/6chg=="}
  [1m[36m (0.5ms)[0m  [1mbegin transaction[0m
  [1m[35mSQL (0.5ms)[0m  INSERT INTO "posts" ("title", "description", "created_at", "updated_at") VALUES (?, ?, ?, ?)  [["title", "AD0791"], ["description", "The story of a redemption."], ["created_at", "2019-08-26 18:05:46.436685"], ["updated_at", "2019-08-26 18:05:46.436685"]]
  [1m[36m (39.9ms)[0m  [1mcommit transaction[0m
Redirected to http://localhost:3000/posts
Completed 302 Found in 44ms (ActiveRecord: 40.8ms)


Started GET "/posts" for ::1 at 2019-08-26 14:05:46 -0400
Processing by PostsController#index as HTML
  [1m[35mPost Load (0.3ms)[0m  SELECT "posts".* FROM "posts"
  Rendered posts/index.html.erb within layouts/application (1.4ms)
Completed 200 OK in 24ms (Views: 22.9ms | ActiveRecord: 0.3ms)
